<?xml version="1.0" encoding="UTF-8"?>
<testsuite name="Test1"
           tests="3"
           failures="0"
           errors="0"
           skipped="0"
           time="26.207">
    <properties></properties>



            <testcase
                name="regressionDeleteUser"
                time="9.798"
                classname="pages.Roles.RolesTests">
            </testcase>
            <testcase
                name="regressionAllRoles"
                time="7.222"
                classname="pages.Roles.RolesTests">
            </testcase>
            <testcase
                name="regressionrole"
                time="9.187"
                classname="pages.Roles.RolesTests">
            </testcase>
</testsuite>
