<?xml version="1.0" encoding="UTF-8"?>
<testsuite name="Test1"
           tests="3"
           failures="0"
           errors="0"
           skipped="0"
           time="27.187">
    <properties></properties>



            <testcase
                name="regressionrole"
                time="10.297"
                classname="pages.Roles.RolesTests">
            </testcase>
            <testcase
                name="regressionDeleteUser"
                time="9.595"
                classname="pages.Roles.RolesTests">
            </testcase>
            <testcase
                name="regressionAllRoles"
                time="7.295"
                classname="pages.Roles.RolesTests">
            </testcase>
</testsuite>
